<?xml version="1.0" encoding="UTF-8"?>
<testng-results skipped="0" failed="0" total="1" passed="1">
  <reporter-output>
  </reporter-output>
  <suite name="com.org.learningMaven.HelloWorldTest" duration-ms="20754" started-at="2019-04-02T10:22:38Z" finished-at="2019-04-02T10:22:59Z">
    <groups>
    </groups>
    <test name="Command line test" duration-ms="20754" started-at="2019-04-02T10:22:38Z" finished-at="2019-04-02T10:22:59Z">
      <class name="com.org.learningMaven.HelloWorldTest">
        <test-method status="PASS" signature="test()[pri:0, instance:com.org.learningMaven.HelloWorldTest@79b4d0f]" name="test" duration-ms="20739" started-at="2019-04-02T15:52:38Z" finished-at="2019-04-02T15:52:59Z">
          <reporter-output>
          </reporter-output>
        </test-method> <!-- test -->
      </class> <!-- com.org.learningMaven.HelloWorldTest -->
    </test> <!-- Command line test -->
  </suite> <!-- com.org.learningMaven.HelloWorldTest -->
</testng-results>
