<?xml version="1.0" encoding="UTF-8"?>
<testng-results skipped="0" failed="0" total="1" passed="1">
  <reporter-output>
  </reporter-output>
  <suite name="Surefire suite" duration-ms="83" started-at="2019-03-29T17:56:42Z" finished-at="2019-03-29T17:56:42Z">
    <groups>
    </groups>
    <test name="Surefire test" duration-ms="83" started-at="2019-03-29T17:56:42Z" finished-at="2019-03-29T17:56:42Z">
      <class name="com.org.learningMaven.AppTest">
        <test-method status="PASS" signature="testApp()[pri:0, instance:testApp(com.org.learningMaven.AppTest)]" name="testApp" duration-ms="5" started-at="2019-03-29T23:26:42Z" finished-at="2019-03-29T23:26:42Z">
          <reporter-output>
          </reporter-output>
        </test-method> <!-- testApp -->
      </class> <!-- com.org.learningMaven.AppTest -->
    </test> <!-- Surefire test -->
  </suite> <!-- Surefire suite -->
</testng-results>
