<?xml version="1.0" encoding="UTF-8"?>
<testng-results skipped="0" failed="0" total="1" passed="1">
  <reporter-output>
  </reporter-output>
  <suite name="Default suite" duration-ms="37578" started-at="2019-04-01T17:22:20Z" finished-at="2019-04-01T17:22:57Z">
    <groups>
    </groups>
    <test name="Default test" duration-ms="37578" started-at="2019-04-01T17:22:20Z" finished-at="2019-04-01T17:22:57Z">
      <class name="com.org.learningMaven.HelloWorldTest">
        <test-method status="PASS" signature="test()[pri:0, instance:com.org.learningMaven.HelloWorldTest@59fa1d9b]" name="test" duration-ms="37553" started-at="2019-04-01T22:52:20Z" finished-at="2019-04-01T22:52:57Z">
          <reporter-output>
          </reporter-output>
        </test-method> <!-- test -->
      </class> <!-- com.org.learningMaven.HelloWorldTest -->
    </test> <!-- Default test -->
  </suite> <!-- Default suite -->
</testng-results>
